[35m[1mConsolidate compiler generated dependencies of target motor_control_node[0m
[ 50%] [32mBuilding CXX object CMakeFiles/motor_control_node.dir/src/motor_control_node.cpp.o[0m
[100%] [32m[1mLinking CXX executable motor_control_node[0m
[100%] Built target motor_control_node
-- Install configuration: ""
-- Installing: /home/ubuntu/Desktop/ros2_service_ws/install/motor_control_pkg/lib/motor_control_pkg/motor_control_node
-- Set runtime path of "/home/ubuntu/Desktop/ros2_service_ws/install/motor_control_pkg/lib/motor_control_pkg/motor_control_node" to ""
-- Up-to-date: /home/ubuntu/Desktop/ros2_service_ws/install/motor_control_pkg/share/ament_index/resource_index/package_run_dependencies/motor_control_pkg
-- Up-to-date: /home/ubuntu/Desktop/ros2_service_ws/install/motor_control_pkg/share/ament_index/resource_index/parent_prefix_path/motor_control_pkg
-- Up-to-date: /home/ubuntu/Desktop/ros2_service_ws/install/motor_control_pkg/share/motor_control_pkg/environment/ament_prefix_path.sh
-- Up-to-date: /home/ubuntu/Desktop/ros2_service_ws/install/motor_control_pkg/share/motor_control_pkg/environment/ament_prefix_path.dsv
-- Up-to-date: /home/ubuntu/Desktop/ros2_service_ws/install/motor_control_pkg/share/motor_control_pkg/environment/path.sh
-- Up-to-date: /home/ubuntu/Desktop/ros2_service_ws/install/motor_control_pkg/share/motor_control_pkg/environment/path.dsv
-- Up-to-date: /home/ubuntu/Desktop/ros2_service_ws/install/motor_control_pkg/share/motor_control_pkg/local_setup.bash
-- Up-to-date: /home/ubuntu/Desktop/ros2_service_ws/install/motor_control_pkg/share/motor_control_pkg/local_setup.sh
-- Up-to-date: /home/ubuntu/Desktop/ros2_service_ws/install/motor_control_pkg/share/motor_control_pkg/local_setup.zsh
-- Up-to-date: /home/ubuntu/Desktop/ros2_service_ws/install/motor_control_pkg/share/motor_control_pkg/local_setup.dsv
-- Installing: /home/ubuntu/Desktop/ros2_service_ws/install/motor_control_pkg/share/motor_control_pkg/package.dsv
-- Up-to-date: /home/ubuntu/Desktop/ros2_service_ws/install/motor_control_pkg/share/ament_index/resource_index/packages/motor_control_pkg
-- Up-to-date: /home/ubuntu/Desktop/ros2_service_ws/install/motor_control_pkg/share/motor_control_pkg/cmake/motor_control_pkgConfig.cmake
-- Up-to-date: /home/ubuntu/Desktop/ros2_service_ws/install/motor_control_pkg/share/motor_control_pkg/cmake/motor_control_pkgConfig-version.cmake
-- Up-to-date: /home/ubuntu/Desktop/ros2_service_ws/install/motor_control_pkg/share/motor_control_pkg/package.xml
