[0.008s] Invoking command in '/home/ubuntu/Desktop/ros2_service_ws/build/motor_control_pkg': CMAKE_PREFIX_PATH=${CMAKE_PREFIX_PATH}:/opt/ros/humble /usr/bin/cmake --build /home/ubuntu/Desktop/ros2_service_ws/build/motor_control_pkg -- -j8 -l8
[0.038s] [35m[1mConsolidate compiler generated dependencies of target motor_control_node[0m
[0.049s] [ 50%] [32mBuilding CXX object CMakeFiles/motor_control_node.dir/src/motor_control_node.cpp.o[0m
[2.916s] [100%] [32m[1mLinking CXX executable motor_control_node[0m
[3.044s] [100%] Built target motor_control_node
[3.054s] Invoked command in '/home/ubuntu/Desktop/ros2_service_ws/build/motor_control_pkg' returned '0': CMAKE_PREFIX_PATH=${CMAKE_PREFIX_PATH}:/opt/ros/humble /usr/bin/cmake --build /home/ubuntu/Desktop/ros2_service_ws/build/motor_control_pkg -- -j8 -l8
[3.062s] Invoking command in '/home/ubuntu/Desktop/ros2_service_ws/build/motor_control_pkg': CMAKE_PREFIX_PATH=${CMAKE_PREFIX_PATH}:/opt/ros/humble /usr/bin/cmake --install /home/ubuntu/Desktop/ros2_service_ws/build/motor_control_pkg
[3.068s] -- Install configuration: ""
[3.069s] -- Installing: /home/ubuntu/Desktop/ros2_service_ws/install/motor_control_pkg/lib/motor_control_pkg/motor_control_node
[3.070s] -- Set runtime path of "/home/ubuntu/Desktop/ros2_service_ws/install/motor_control_pkg/lib/motor_control_pkg/motor_control_node" to ""
[3.070s] -- Up-to-date: /home/ubuntu/Desktop/ros2_service_ws/install/motor_control_pkg/share/ament_index/resource_index/package_run_dependencies/motor_control_pkg
[3.070s] -- Up-to-date: /home/ubuntu/Desktop/ros2_service_ws/install/motor_control_pkg/share/ament_index/resource_index/parent_prefix_path/motor_control_pkg
[3.070s] -- Up-to-date: /home/ubuntu/Desktop/ros2_service_ws/install/motor_control_pkg/share/motor_control_pkg/environment/ament_prefix_path.sh
[3.070s] -- Up-to-date: /home/ubuntu/Desktop/ros2_service_ws/install/motor_control_pkg/share/motor_control_pkg/environment/ament_prefix_path.dsv
[3.070s] -- Up-to-date: /home/ubuntu/Desktop/ros2_service_ws/install/motor_control_pkg/share/motor_control_pkg/environment/path.sh
[3.070s] -- Up-to-date: /home/ubuntu/Desktop/ros2_service_ws/install/motor_control_pkg/share/motor_control_pkg/environment/path.dsv
[3.070s] -- Up-to-date: /home/ubuntu/Desktop/ros2_service_ws/install/motor_control_pkg/share/motor_control_pkg/local_setup.bash
[3.070s] -- Up-to-date: /home/ubuntu/Desktop/ros2_service_ws/install/motor_control_pkg/share/motor_control_pkg/local_setup.sh
[3.070s] -- Up-to-date: /home/ubuntu/Desktop/ros2_service_ws/install/motor_control_pkg/share/motor_control_pkg/local_setup.zsh
[3.070s] -- Up-to-date: /home/ubuntu/Desktop/ros2_service_ws/install/motor_control_pkg/share/motor_control_pkg/local_setup.dsv
[3.070s] -- Installing: /home/ubuntu/Desktop/ros2_service_ws/install/motor_control_pkg/share/motor_control_pkg/package.dsv
[3.070s] -- Up-to-date: /home/ubuntu/Desktop/ros2_service_ws/install/motor_control_pkg/share/ament_index/resource_index/packages/motor_control_pkg
[3.070s] -- Up-to-date: /home/ubuntu/Desktop/ros2_service_ws/install/motor_control_pkg/share/motor_control_pkg/cmake/motor_control_pkgConfig.cmake
[3.070s] -- Up-to-date: /home/ubuntu/Desktop/ros2_service_ws/install/motor_control_pkg/share/motor_control_pkg/cmake/motor_control_pkgConfig-version.cmake
[3.070s] -- Up-to-date: /home/ubuntu/Desktop/ros2_service_ws/install/motor_control_pkg/share/motor_control_pkg/package.xml
[3.072s] Invoked command in '/home/ubuntu/Desktop/ros2_service_ws/build/motor_control_pkg' returned '0': CMAKE_PREFIX_PATH=${CMAKE_PREFIX_PATH}:/opt/ros/humble /usr/bin/cmake --install /home/ubuntu/Desktop/ros2_service_ws/build/motor_control_pkg
