[0.080s] DEBUG:colcon:Command line arguments: ['/usr/bin/colcon', 'build']
[0.080s] DEBUG:colcon:Parsed command line arguments: Namespace(log_base=None, log_level=None, verb_name='build', build_base='build', install_base='install', merge_install=False, symlink_install=False, test_result_base=None, continue_on_error=False, executor='parallel', parallel_workers=8, event_handlers=None, ignore_user_meta=False, metas=['./colcon.meta'], base_paths=['.'], packages_ignore=None, packages_ignore_regex=None, paths=None, packages_up_to=None, packages_up_to_regex=None, packages_above=None, packages_above_and_dependencies=None, packages_above_depth=None, packages_select_by_dep=None, packages_skip_by_dep=None, packages_skip_up_to=None, packages_select_build_failed=False, packages_skip_build_finished=False, packages_select_test_failures=False, packages_skip_test_passed=False, packages_select=None, packages_skip=None, packages_select_regex=None, packages_skip_regex=None, packages_start=None, packages_end=None, allow_overriding=[], cmake_args=None, cmake_target=None, cmake_target_skip_unavailable=False, cmake_clean_cache=False, cmake_clean_first=False, cmake_force_configure=False, ament_cmake_args=None, catkin_cmake_args=None, catkin_skip_building_tests=False, mixin_files=None, mixin=None, verb_parser=<colcon_mixin.mixin.mixin_argument.MixinArgumentDecorator object at 0x7a913393c520>, verb_extension=<colcon_core.verb.build.BuildVerb object at 0x7a913390bfa0>, main=<bound method BuildVerb.main of <colcon_core.verb.build.BuildVerb object at 0x7a913390bfa0>>, mixin_verb=('build',))
[0.124s] Level 1:colcon.colcon_core.package_discovery:discover_packages(colcon_meta) check parameters
[0.124s] Level 1:colcon.colcon_core.package_discovery:discover_packages(recursive) check parameters
[0.124s] Level 1:colcon.colcon_core.package_discovery:discover_packages(ignore) check parameters
[0.124s] Level 1:colcon.colcon_core.package_discovery:discover_packages(path) check parameters
[0.124s] Level 1:colcon.colcon_core.package_discovery:discover_packages(colcon_meta) discover
[0.125s] Level 1:colcon.colcon_core.package_discovery:discover_packages(recursive) discover
[0.125s] INFO:colcon.colcon_core.package_discovery:Crawling recursively for packages in '/home/ubuntu/Desktop/ros2_service_ws'
[0.125s] Level 1:colcon.colcon_core.package_identification:_identify(.) by extensions ['ignore', 'ignore_ament_install']
[0.125s] Level 1:colcon.colcon_core.package_identification:_identify(.) by extension 'ignore'
[0.125s] Level 1:colcon.colcon_core.package_identification:_identify(.) by extension 'ignore_ament_install'
[0.125s] Level 1:colcon.colcon_core.package_identification:_identify(.) by extensions ['colcon_pkg']
[0.125s] Level 1:colcon.colcon_core.package_identification:_identify(.) by extension 'colcon_pkg'
[0.125s] Level 1:colcon.colcon_core.package_identification:_identify(.) by extensions ['colcon_meta']
[0.125s] Level 1:colcon.colcon_core.package_identification:_identify(.) by extension 'colcon_meta'
[0.125s] Level 1:colcon.colcon_core.package_identification:_identify(.) by extensions ['ros']
[0.125s] Level 1:colcon.colcon_core.package_identification:_identify(.) by extension 'ros'
[0.135s] Level 1:colcon.colcon_core.package_identification:_identify(.) by extensions ['cmake', 'python']
[0.135s] Level 1:colcon.colcon_core.package_identification:_identify(.) by extension 'cmake'
[0.135s] Level 1:colcon.colcon_core.package_identification:_identify(.) by extension 'python'
[0.135s] Level 1:colcon.colcon_core.package_identification:_identify(.) by extensions ['python_setup_py']
[0.135s] Level 1:colcon.colcon_core.package_identification:_identify(.) by extension 'python_setup_py'
[0.135s] Level 1:colcon.colcon_core.package_identification:_identify(build) by extensions ['ignore', 'ignore_ament_install']
[0.135s] Level 1:colcon.colcon_core.package_identification:_identify(build) by extension 'ignore'
[0.135s] Level 1:colcon.colcon_core.package_identification:_identify(build) ignored
[0.135s] Level 1:colcon.colcon_core.package_identification:_identify(install) by extensions ['ignore', 'ignore_ament_install']
[0.135s] Level 1:colcon.colcon_core.package_identification:_identify(install) by extension 'ignore'
[0.135s] Level 1:colcon.colcon_core.package_identification:_identify(install) ignored
[0.136s] Level 1:colcon.colcon_core.package_identification:_identify(log) by extensions ['ignore', 'ignore_ament_install']
[0.136s] Level 1:colcon.colcon_core.package_identification:_identify(log) by extension 'ignore'
[0.136s] Level 1:colcon.colcon_core.package_identification:_identify(log) ignored
[0.136s] Level 1:colcon.colcon_core.package_identification:_identify(src) by extensions ['ignore', 'ignore_ament_install']
[0.136s] Level 1:colcon.colcon_core.package_identification:_identify(src) by extension 'ignore'
[0.136s] Level 1:colcon.colcon_core.package_identification:_identify(src) by extension 'ignore_ament_install'
[0.136s] Level 1:colcon.colcon_core.package_identification:_identify(src) by extensions ['colcon_pkg']
[0.136s] Level 1:colcon.colcon_core.package_identification:_identify(src) by extension 'colcon_pkg'
[0.136s] Level 1:colcon.colcon_core.package_identification:_identify(src) by extensions ['colcon_meta']
[0.136s] Level 1:colcon.colcon_core.package_identification:_identify(src) by extension 'colcon_meta'
[0.136s] Level 1:colcon.colcon_core.package_identification:_identify(src) by extensions ['ros']
[0.136s] Level 1:colcon.colcon_core.package_identification:_identify(src) by extension 'ros'
[0.136s] Level 1:colcon.colcon_core.package_identification:_identify(src) by extensions ['cmake', 'python']
[0.136s] Level 1:colcon.colcon_core.package_identification:_identify(src) by extension 'cmake'
[0.136s] Level 1:colcon.colcon_core.package_identification:_identify(src) by extension 'python'
[0.136s] Level 1:colcon.colcon_core.package_identification:_identify(src) by extensions ['python_setup_py']
[0.136s] Level 1:colcon.colcon_core.package_identification:_identify(src) by extension 'python_setup_py'
[0.136s] Level 1:colcon.colcon_core.package_identification:_identify(src/motor_control_pkg) by extensions ['ignore', 'ignore_ament_install']
[0.136s] Level 1:colcon.colcon_core.package_identification:_identify(src/motor_control_pkg) by extension 'ignore'
[0.137s] Level 1:colcon.colcon_core.package_identification:_identify(src/motor_control_pkg) by extension 'ignore_ament_install'
[0.137s] Level 1:colcon.colcon_core.package_identification:_identify(src/motor_control_pkg) by extensions ['colcon_pkg']
[0.137s] Level 1:colcon.colcon_core.package_identification:_identify(src/motor_control_pkg) by extension 'colcon_pkg'
[0.137s] Level 1:colcon.colcon_core.package_identification:_identify(src/motor_control_pkg) by extensions ['colcon_meta']
[0.137s] Level 1:colcon.colcon_core.package_identification:_identify(src/motor_control_pkg) by extension 'colcon_meta'
[0.137s] Level 1:colcon.colcon_core.package_identification:_identify(src/motor_control_pkg) by extensions ['ros']
[0.137s] Level 1:colcon.colcon_core.package_identification:_identify(src/motor_control_pkg) by extension 'ros'
[0.139s] DEBUG:colcon.colcon_core.package_identification:Package 'src/motor_control_pkg' with type 'ros.ament_cmake' and name 'motor_control_pkg'
[0.139s] Level 1:colcon.colcon_core.package_discovery:discover_packages(recursive) using defaults
[0.139s] Level 1:colcon.colcon_core.package_discovery:discover_packages(ignore) discover
[0.139s] Level 1:colcon.colcon_core.package_discovery:discover_packages(ignore) using defaults
[0.139s] Level 1:colcon.colcon_core.package_discovery:discover_packages(path) discover
[0.139s] Level 1:colcon.colcon_core.package_discovery:discover_packages(path) using defaults
[0.153s] Level 1:colcon.colcon_core.package_discovery:discover_packages(prefix_path) check parameters
[0.153s] Level 1:colcon.colcon_core.package_discovery:discover_packages(prefix_path) discover
[0.154s] DEBUG:colcon.colcon_installed_package_information.package_discovery:Found 1 installed packages in /home/ubuntu/Desktop/ros2_service_ws/install
[0.155s] DEBUG:colcon.colcon_installed_package_information.package_discovery:Found 352 installed packages in /opt/ros/humble
[0.156s] Level 1:colcon.colcon_core.package_discovery:discover_packages(prefix_path) using defaults
[0.195s] Level 5:colcon.colcon_core.verb:set package 'motor_control_pkg' build argument 'cmake_args' from command line to 'None'
[0.195s] Level 5:colcon.colcon_core.verb:set package 'motor_control_pkg' build argument 'cmake_target' from command line to 'None'
[0.195s] Level 5:colcon.colcon_core.verb:set package 'motor_control_pkg' build argument 'cmake_target_skip_unavailable' from command line to 'False'
[0.195s] Level 5:colcon.colcon_core.verb:set package 'motor_control_pkg' build argument 'cmake_clean_cache' from command line to 'False'
[0.195s] Level 5:colcon.colcon_core.verb:set package 'motor_control_pkg' build argument 'cmake_clean_first' from command line to 'False'
[0.195s] Level 5:colcon.colcon_core.verb:set package 'motor_control_pkg' build argument 'cmake_force_configure' from command line to 'False'
[0.195s] Level 5:colcon.colcon_core.verb:set package 'motor_control_pkg' build argument 'ament_cmake_args' from command line to 'None'
[0.195s] Level 5:colcon.colcon_core.verb:set package 'motor_control_pkg' build argument 'catkin_cmake_args' from command line to 'None'
[0.195s] Level 5:colcon.colcon_core.verb:set package 'motor_control_pkg' build argument 'catkin_skip_building_tests' from command line to 'False'
[0.195s] DEBUG:colcon.colcon_core.verb:Building package 'motor_control_pkg' with the following arguments: {'ament_cmake_args': None, 'build_base': '/home/ubuntu/Desktop/ros2_service_ws/build/motor_control_pkg', 'catkin_cmake_args': None, 'catkin_skip_building_tests': False, 'cmake_args': None, 'cmake_clean_cache': False, 'cmake_clean_first': False, 'cmake_force_configure': False, 'cmake_target': None, 'cmake_target_skip_unavailable': False, 'install_base': '/home/ubuntu/Desktop/ros2_service_ws/install/motor_control_pkg', 'merge_install': False, 'path': '/home/ubuntu/Desktop/ros2_service_ws/src/motor_control_pkg', 'symlink_install': False, 'test_result_base': None}
[0.195s] INFO:colcon.colcon_core.executor:Executing jobs using 'parallel' executor
[0.196s] DEBUG:colcon.colcon_parallel_executor.executor.parallel:run_until_complete
[0.197s] INFO:colcon.colcon_ros.task.ament_cmake.build:Building ROS package in '/home/ubuntu/Desktop/ros2_service_ws/src/motor_control_pkg' with build type 'ament_cmake'
[0.197s] INFO:colcon.colcon_cmake.task.cmake.build:Building CMake package in '/home/ubuntu/Desktop/ros2_service_ws/src/motor_control_pkg'
[0.198s] INFO:colcon.colcon_core.plugin_system:Skipping extension 'colcon_core.shell.bat': Not used on non-Windows systems
[0.198s] INFO:colcon.colcon_core.shell:Skip shell extension 'powershell' for command environment: Not usable outside of PowerShell
[0.198s] DEBUG:colcon.colcon_core.shell:Skip shell extension 'dsv' for command environment
[0.205s] DEBUG:colcon.colcon_core.event_handler.log_command:Invoking command in '/home/ubuntu/Desktop/ros2_service_ws/build/motor_control_pkg': CMAKE_PREFIX_PATH=${CMAKE_PREFIX_PATH}:/opt/ros/humble /usr/bin/cmake --build /home/ubuntu/Desktop/ros2_service_ws/build/motor_control_pkg -- -j8 -l8
[3.416s] DEBUG:colcon.colcon_core.event_handler.log_command:Invoked command in '/home/ubuntu/Desktop/ros2_service_ws/build/motor_control_pkg' returned '0': CMAKE_PREFIX_PATH=${CMAKE_PREFIX_PATH}:/opt/ros/humble /usr/bin/cmake --build /home/ubuntu/Desktop/ros2_service_ws/build/motor_control_pkg -- -j8 -l8
[3.423s] DEBUG:colcon.colcon_core.event_handler.log_command:Invoking command in '/home/ubuntu/Desktop/ros2_service_ws/build/motor_control_pkg': CMAKE_PREFIX_PATH=${CMAKE_PREFIX_PATH}:/opt/ros/humble /usr/bin/cmake --install /home/ubuntu/Desktop/ros2_service_ws/build/motor_control_pkg
[3.432s] Level 1:colcon.colcon_core.environment:create_environment_scripts_only(motor_control_pkg)
[3.433s] DEBUG:colcon.colcon_core.event_handler.log_command:Invoked command in '/home/ubuntu/Desktop/ros2_service_ws/build/motor_control_pkg' returned '0': CMAKE_PREFIX_PATH=${CMAKE_PREFIX_PATH}:/opt/ros/humble /usr/bin/cmake --install /home/ubuntu/Desktop/ros2_service_ws/build/motor_control_pkg
[3.435s] Level 1:colcon.colcon_core.environment:checking '/home/ubuntu/Desktop/ros2_service_ws/install/motor_control_pkg' for CMake module files
[3.435s] Level 1:colcon.colcon_core.environment:checking '/home/ubuntu/Desktop/ros2_service_ws/install/motor_control_pkg' for CMake config files
[3.435s] Level 1:colcon.colcon_core.shell:create_environment_hook('motor_control_pkg', 'cmake_prefix_path')
[3.435s] INFO:colcon.colcon_core.shell:Creating environment hook '/home/ubuntu/Desktop/ros2_service_ws/install/motor_control_pkg/share/motor_control_pkg/hook/cmake_prefix_path.ps1'
[3.436s] INFO:colcon.colcon_core.shell:Creating environment descriptor '/home/ubuntu/Desktop/ros2_service_ws/install/motor_control_pkg/share/motor_control_pkg/hook/cmake_prefix_path.dsv'
[3.436s] INFO:colcon.colcon_core.shell:Creating environment hook '/home/ubuntu/Desktop/ros2_service_ws/install/motor_control_pkg/share/motor_control_pkg/hook/cmake_prefix_path.sh'
[3.437s] Level 1:colcon.colcon_core.environment:checking '/home/ubuntu/Desktop/ros2_service_ws/install/motor_control_pkg/lib'
[3.437s] Level 1:colcon.colcon_core.environment:checking '/home/ubuntu/Desktop/ros2_service_ws/install/motor_control_pkg/bin'
[3.437s] Level 1:colcon.colcon_core.environment:checking '/home/ubuntu/Desktop/ros2_service_ws/install/motor_control_pkg/lib/pkgconfig/motor_control_pkg.pc'
[3.437s] Level 1:colcon.colcon_core.environment:checking '/home/ubuntu/Desktop/ros2_service_ws/install/motor_control_pkg/lib/python3.10/site-packages'
[3.437s] Level 1:colcon.colcon_core.environment:checking '/home/ubuntu/Desktop/ros2_service_ws/install/motor_control_pkg/bin'
[3.437s] INFO:colcon.colcon_core.shell:Creating package script '/home/ubuntu/Desktop/ros2_service_ws/install/motor_control_pkg/share/motor_control_pkg/package.ps1'
[3.438s] INFO:colcon.colcon_core.shell:Creating package descriptor '/home/ubuntu/Desktop/ros2_service_ws/install/motor_control_pkg/share/motor_control_pkg/package.dsv'
[3.438s] INFO:colcon.colcon_core.shell:Creating package script '/home/ubuntu/Desktop/ros2_service_ws/install/motor_control_pkg/share/motor_control_pkg/package.sh'
[3.439s] INFO:colcon.colcon_core.shell:Creating package script '/home/ubuntu/Desktop/ros2_service_ws/install/motor_control_pkg/share/motor_control_pkg/package.bash'
[3.440s] INFO:colcon.colcon_core.shell:Creating package script '/home/ubuntu/Desktop/ros2_service_ws/install/motor_control_pkg/share/motor_control_pkg/package.zsh'
[3.441s] Level 1:colcon.colcon_core.environment:create_file_with_runtime_dependencies(/home/ubuntu/Desktop/ros2_service_ws/install/motor_control_pkg/share/colcon-core/packages/motor_control_pkg)
[3.442s] Level 1:colcon.colcon_core.environment:create_environment_scripts_only(motor_control_pkg)
[3.442s] Level 1:colcon.colcon_core.environment:checking '/home/ubuntu/Desktop/ros2_service_ws/install/motor_control_pkg' for CMake module files
[3.443s] Level 1:colcon.colcon_core.environment:checking '/home/ubuntu/Desktop/ros2_service_ws/install/motor_control_pkg' for CMake config files
[3.443s] Level 1:colcon.colcon_core.shell:create_environment_hook('motor_control_pkg', 'cmake_prefix_path')
[3.443s] INFO:colcon.colcon_core.shell:Creating environment hook '/home/ubuntu/Desktop/ros2_service_ws/install/motor_control_pkg/share/motor_control_pkg/hook/cmake_prefix_path.ps1'
[3.443s] INFO:colcon.colcon_core.shell:Creating environment descriptor '/home/ubuntu/Desktop/ros2_service_ws/install/motor_control_pkg/share/motor_control_pkg/hook/cmake_prefix_path.dsv'
[3.444s] INFO:colcon.colcon_core.shell:Creating environment hook '/home/ubuntu/Desktop/ros2_service_ws/install/motor_control_pkg/share/motor_control_pkg/hook/cmake_prefix_path.sh'
[3.444s] Level 1:colcon.colcon_core.environment:checking '/home/ubuntu/Desktop/ros2_service_ws/install/motor_control_pkg/lib'
[3.444s] Level 1:colcon.colcon_core.environment:checking '/home/ubuntu/Desktop/ros2_service_ws/install/motor_control_pkg/bin'
[3.444s] Level 1:colcon.colcon_core.environment:checking '/home/ubuntu/Desktop/ros2_service_ws/install/motor_control_pkg/lib/pkgconfig/motor_control_pkg.pc'
[3.444s] Level 1:colcon.colcon_core.environment:checking '/home/ubuntu/Desktop/ros2_service_ws/install/motor_control_pkg/lib/python3.10/site-packages'
[3.445s] Level 1:colcon.colcon_core.environment:checking '/home/ubuntu/Desktop/ros2_service_ws/install/motor_control_pkg/bin'
[3.445s] INFO:colcon.colcon_core.shell:Creating package script '/home/ubuntu/Desktop/ros2_service_ws/install/motor_control_pkg/share/motor_control_pkg/package.ps1'
[3.445s] INFO:colcon.colcon_core.shell:Creating package descriptor '/home/ubuntu/Desktop/ros2_service_ws/install/motor_control_pkg/share/motor_control_pkg/package.dsv'
[3.446s] INFO:colcon.colcon_core.shell:Creating package script '/home/ubuntu/Desktop/ros2_service_ws/install/motor_control_pkg/share/motor_control_pkg/package.sh'
[3.446s] INFO:colcon.colcon_core.shell:Creating package script '/home/ubuntu/Desktop/ros2_service_ws/install/motor_control_pkg/share/motor_control_pkg/package.bash'
[3.446s] INFO:colcon.colcon_core.shell:Creating package script '/home/ubuntu/Desktop/ros2_service_ws/install/motor_control_pkg/share/motor_control_pkg/package.zsh'
[3.447s] Level 1:colcon.colcon_core.environment:create_file_with_runtime_dependencies(/home/ubuntu/Desktop/ros2_service_ws/install/motor_control_pkg/share/colcon-core/packages/motor_control_pkg)
[3.447s] DEBUG:colcon.colcon_parallel_executor.executor.parallel:closing loop
[3.447s] DEBUG:colcon.colcon_parallel_executor.executor.parallel:loop closed
[3.447s] DEBUG:colcon.colcon_parallel_executor.executor.parallel:run_until_complete finished with '0'
[3.447s] DEBUG:colcon.colcon_core.event_reactor:joining thread
[3.453s] INFO:colcon.colcon_core.plugin_system:Skipping extension 'colcon_notification.desktop_notification.terminal_notifier': Not used on non-Darwin systems
[3.453s] INFO:colcon.colcon_core.plugin_system:Skipping extension 'colcon_notification.desktop_notification.win32': Not used on non-Windows systems
[3.453s] INFO:colcon.colcon_notification.desktop_notification:Sending desktop notification using 'notify2'
[3.467s] DEBUG:colcon.colcon_core.event_reactor:joined thread
[3.468s] INFO:colcon.colcon_core.shell:Creating prefix script '/home/ubuntu/Desktop/ros2_service_ws/install/local_setup.ps1'
[3.469s] INFO:colcon.colcon_core.shell:Creating prefix util module '/home/ubuntu/Desktop/ros2_service_ws/install/_local_setup_util_ps1.py'
[3.470s] INFO:colcon.colcon_core.shell:Creating prefix chain script '/home/ubuntu/Desktop/ros2_service_ws/install/setup.ps1'
[3.471s] INFO:colcon.colcon_core.shell:Creating prefix script '/home/ubuntu/Desktop/ros2_service_ws/install/local_setup.sh'
[3.472s] INFO:colcon.colcon_core.shell:Creating prefix util module '/home/ubuntu/Desktop/ros2_service_ws/install/_local_setup_util_sh.py'
[3.472s] INFO:colcon.colcon_core.shell:Creating prefix chain script '/home/ubuntu/Desktop/ros2_service_ws/install/setup.sh'
[3.473s] INFO:colcon.colcon_core.shell:Creating prefix script '/home/ubuntu/Desktop/ros2_service_ws/install/local_setup.bash'
[3.474s] INFO:colcon.colcon_core.shell:Creating prefix chain script '/home/ubuntu/Desktop/ros2_service_ws/install/setup.bash'
[3.475s] INFO:colcon.colcon_core.shell:Creating prefix script '/home/ubuntu/Desktop/ros2_service_ws/install/local_setup.zsh'
[3.475s] INFO:colcon.colcon_core.shell:Creating prefix chain script '/home/ubuntu/Desktop/ros2_service_ws/install/setup.zsh'
