[0.016s] Invoking command in '/home/ubuntu/Desktop/ros2_service_ws/build/motor_control_pkg': CMAKE_PREFIX_PATH=/opt/ros/humble /usr/bin/cmake --build /home/ubuntu/Desktop/ros2_service_ws/build/motor_control_pkg -- -j8 -l8
[0.047s] [35m[1mConsolidate compiler generated dependencies of target motor_control_node[0m
[0.059s] [ 50%] [32mBuilding CXX object CMakeFiles/motor_control_node.dir/src/motor_control_node.cpp.o[0m
[3.182s] [100%] [32m[1mLinking CXX executable motor_control_node[0m
[3.352s] [100%] Built target motor_control_node
[3.362s] Invoked command in '/home/ubuntu/Desktop/ros2_service_ws/build/motor_control_pkg' returned '0': CMAKE_PREFIX_PATH=/opt/ros/humble /usr/bin/cmake --build /home/ubuntu/Desktop/ros2_service_ws/build/motor_control_pkg -- -j8 -l8
[3.371s] Invoking command in '/home/ubuntu/Desktop/ros2_service_ws/build/motor_control_pkg': CMAKE_PREFIX_PATH=/opt/ros/humble /usr/bin/cmake --install /home/ubuntu/Desktop/ros2_service_ws/build/motor_control_pkg
[3.378s] -- Install configuration: ""
[3.379s] -- Installing: /home/ubuntu/Desktop/ros2_service_ws/install/motor_control_pkg/lib/motor_control_pkg/motor_control_node
[3.380s] -- Set runtime path of "/home/ubuntu/Desktop/ros2_service_ws/install/motor_control_pkg/lib/motor_control_pkg/motor_control_node" to ""
[3.380s] -- Up-to-date: /home/ubuntu/Desktop/ros2_service_ws/install/motor_control_pkg/share/ament_index/resource_index/package_run_dependencies/motor_control_pkg
[3.380s] -- Up-to-date: /home/ubuntu/Desktop/ros2_service_ws/install/motor_control_pkg/share/ament_index/resource_index/parent_prefix_path/motor_control_pkg
[3.380s] -- Up-to-date: /home/ubuntu/Desktop/ros2_service_ws/install/motor_control_pkg/share/motor_control_pkg/environment/ament_prefix_path.sh
[3.380s] -- Up-to-date: /home/ubuntu/Desktop/ros2_service_ws/install/motor_control_pkg/share/motor_control_pkg/environment/ament_prefix_path.dsv
[3.381s] -- Up-to-date: /home/ubuntu/Desktop/ros2_service_ws/install/motor_control_pkg/share/motor_control_pkg/environment/path.sh
[3.381s] -- Up-to-date: /home/ubuntu/Desktop/ros2_service_ws/install/motor_control_pkg/share/motor_control_pkg/environment/path.dsv
[3.381s] -- Up-to-date: /home/ubuntu/Desktop/ros2_service_ws/install/motor_control_pkg/share/motor_control_pkg/local_setup.bash
[3.381s] -- Up-to-date: /home/ubuntu/Desktop/ros2_service_ws/install/motor_control_pkg/share/motor_control_pkg/local_setup.sh
[3.381s] -- Up-to-date: /home/ubuntu/Desktop/ros2_service_ws/install/motor_control_pkg/share/motor_control_pkg/local_setup.zsh
[3.381s] -- Up-to-date: /home/ubuntu/Desktop/ros2_service_ws/install/motor_control_pkg/share/motor_control_pkg/local_setup.dsv
[3.381s] -- Installing: /home/ubuntu/Desktop/ros2_service_ws/install/motor_control_pkg/share/motor_control_pkg/package.dsv
[3.381s] -- Up-to-date: /home/ubuntu/Desktop/ros2_service_ws/install/motor_control_pkg/share/ament_index/resource_index/packages/motor_control_pkg
[3.381s] -- Up-to-date: /home/ubuntu/Desktop/ros2_service_ws/install/motor_control_pkg/share/motor_control_pkg/cmake/motor_control_pkgConfig.cmake
[3.382s] -- Up-to-date: /home/ubuntu/Desktop/ros2_service_ws/install/motor_control_pkg/share/motor_control_pkg/cmake/motor_control_pkgConfig-version.cmake
[3.382s] -- Up-to-date: /home/ubuntu/Desktop/ros2_service_ws/install/motor_control_pkg/share/motor_control_pkg/package.xml
[3.385s] Invoked command in '/home/ubuntu/Desktop/ros2_service_ws/build/motor_control_pkg' returned '0': CMAKE_PREFIX_PATH=/opt/ros/humble /usr/bin/cmake --install /home/ubuntu/Desktop/ros2_service_ws/build/motor_control_pkg
