[0.011s] Invoking command in '/home/ubuntu/Desktop/ros2_service_ws/build/motor_control_pkg': CMAKE_PREFIX_PATH=${CMAKE_PREFIX_PATH}:/opt/ros/humble /usr/bin/cmake --build /home/ubuntu/Desktop/ros2_service_ws/build/motor_control_pkg -- -j8 -l8
[0.050s] [35m[1mConsolidate compiler generated dependencies of target motor_control_node[0m
[0.066s] [ 50%] [32mBuilding CXX object CMakeFiles/motor_control_node.dir/src/motor_control_node.cpp.o[0m
[2.040s] In file included from [01m[K/opt/ros/humble/include/rclcpp/rclcpp/logging.hpp:24[m[K,
[2.041s]                  from [01m[K/opt/ros/humble/include/rclcpp/rclcpp/client.hpp:40[m[K,
[2.041s]                  from [01m[K/opt/ros/humble/include/rclcpp/rclcpp/callback_group.hpp:24[m[K,
[2.041s]                  from [01m[K/opt/ros/humble/include/rclcpp/rclcpp/any_executable.hpp:20[m[K,
[2.041s]                  from [01m[K/opt/ros/humble/include/rclcpp/rclcpp/memory_strategy.hpp:25[m[K,
[2.041s]                  from [01m[K/opt/ros/humble/include/rclcpp/rclcpp/memory_strategies.hpp:18[m[K,
[2.041s]                  from [01m[K/opt/ros/humble/include/rclcpp/rclcpp/executor_options.hpp:20[m[K,
[2.041s]                  from [01m[K/opt/ros/humble/include/rclcpp/rclcpp/executor.hpp:37[m[K,
[2.041s]                  from [01m[K/opt/ros/humble/include/rclcpp/rclcpp/executors/multi_threaded_executor.hpp:25[m[K,
[2.041s]                  from [01m[K/opt/ros/humble/include/rclcpp/rclcpp/executors.hpp:21[m[K,
[2.041s]                  from [01m[K/opt/ros/humble/include/rclcpp/rclcpp/rclcpp.hpp:155[m[K,
[2.041s]                  from [01m[K/home/ubuntu/Desktop/ros2_service_ws/src/motor_control_pkg/src/motor_control_node.cpp:1[m[K:
[2.041s] [01m[K/home/ubuntu/Desktop/ros2_service_ws/src/motor_control_pkg/src/motor_control_node.cpp:[m[K In member function ‘[01m[Kvoid MotorControlNode::controlLoop()[m[K’:
[2.042s] [01m[K/home/ubuntu/Desktop/ros2_service_ws/src/motor_control_pkg/src/motor_control_node.cpp:131:43:[m[K [01;35m[Kwarning: [m[Kformat ‘[01m[K%d[m[K’ expects argument of type ‘[01m[Kint[m[K’, but argument 7 has type ‘[01m[Kdouble[m[K’ [[01;35m[K]8;;https://gcc.gnu.org/onlinedocs/gcc/Warning-Options.html#index-Wformat=-Wformat=]8;;[m[K]
[2.042s]   131 |                 RCLCPP_INFO(get_logger(), [01;35m[K"%s: Moving to position %.2f with speed %d, accel %d, rpm_step %.2f"[m[K,
[2.042s]       |                                           [01;35m[K^~~~~~~~~~~~~~~~~~~~~~~~~~~~~~~~~~~~~~~~~~~~~~~~~~~~~~~~~~~~~~~~~~~~[m[K
[2.042s]   132 |                             motor_name.c_str(), motor.target_positions_[motor.current_target_index_],
[2.042s]   133 |                             [32m[Kmotor.speed_[m[K, motor.accel_, motor.rpm_step_);
[2.042s]       |                             [32m[K~~~~~~~~~~~~[m[K   
[2.042s]       |                                   [32m[K|[m[K
[2.042s]       |                                   [32m[Kdouble[m[K
[2.042s] [01m[K/home/ubuntu/Desktop/ros2_service_ws/src/motor_control_pkg/src/motor_control_node.cpp:131:84:[m[K [01;36m[Knote: [m[Kformat string is defined here
[2.042s]   131 | INFO(get_logger(), "%s: Moving to position %.2f with speed [01;36m[K%d[m[K, accel %d, rpm_step %.2f",
[2.042s]       |                                                            [01;36m[K~^[m[K
[2.042s]       |                                                             [01;36m[K|[m[K
[2.042s]       |                                                             [01;36m[Kint[m[K
[2.042s]       |                                                            [32m[K%f[m[K
[2.042s] In file included from [01m[K/opt/ros/humble/include/rclcpp/rclcpp/logging.hpp:24[m[K,
[2.043s]                  from [01m[K/opt/ros/humble/include/rclcpp/rclcpp/client.hpp:40[m[K,
[2.043s]                  from [01m[K/opt/ros/humble/include/rclcpp/rclcpp/callback_group.hpp:24[m[K,
[2.043s]                  from [01m[K/opt/ros/humble/include/rclcpp/rclcpp/any_executable.hpp:20[m[K,
[2.043s]                  from [01m[K/opt/ros/humble/include/rclcpp/rclcpp/memory_strategy.hpp:25[m[K,
[2.043s]                  from [01m[K/opt/ros/humble/include/rclcpp/rclcpp/memory_strategies.hpp:18[m[K,
[2.043s]                  from [01m[K/opt/ros/humble/include/rclcpp/rclcpp/executor_options.hpp:20[m[K,
[2.043s]                  from [01m[K/opt/ros/humble/include/rclcpp/rclcpp/executor.hpp:37[m[K,
[2.043s]                  from [01m[K/opt/ros/humble/include/rclcpp/rclcpp/executors/multi_threaded_executor.hpp:25[m[K,
[2.043s]                  from [01m[K/opt/ros/humble/include/rclcpp/rclcpp/executors.hpp:21[m[K,
[2.043s]                  from [01m[K/opt/ros/humble/include/rclcpp/rclcpp/rclcpp.hpp:155[m[K,
[2.043s]                  from [01m[K/home/ubuntu/Desktop/ros2_service_ws/src/motor_control_pkg/src/motor_control_node.cpp:1[m[K:
[2.043s] [01m[K/home/ubuntu/Desktop/ros2_service_ws/src/motor_control_pkg/src/motor_control_node.cpp:131:43:[m[K [01;35m[Kwarning: [m[Kformat ‘[01m[K%d[m[K’ expects argument of type ‘[01m[Kint[m[K’, but argument 8 has type ‘[01m[Kdouble[m[K’ [[01;35m[K]8;;https://gcc.gnu.org/onlinedocs/gcc/Warning-Options.html#index-Wformat=-Wformat=]8;;[m[K]
[2.043s]   131 |                 RCLCPP_INFO(get_logger(), [01;35m[K"%s: Moving to position %.2f with speed %d, accel %d, rpm_step %.2f"[m[K,
[2.043s]       |                                           [01;35m[K^~~~~~~~~~~~~~~~~~~~~~~~~~~~~~~~~~~~~~~~~~~~~~~~~~~~~~~~~~~~~~~~~~~~[m[K
[2.043s]   132 |                             motor_name.c_str(), motor.target_positions_[motor.current_target_index_],
[2.044s]   133 |                             motor.speed_, [32m[Kmotor.accel_[m[K, motor.rpm_step_);
[2.044s]       |                                           [32m[K~~~~~~~~~~~~[m[K
[2.044s]       |                                                 [32m[K|[m[K
[2.044s]       |                                                 [32m[Kdouble[m[K
[2.044s] [01m[K/home/ubuntu/Desktop/ros2_service_ws/src/motor_control_pkg/src/motor_control_node.cpp:131:94:[m[K [01;36m[Knote: [m[Kformat string is defined here
[2.044s]   131 | ogger(), "%s: Moving to position %.2f with speed %d, accel [01;36m[K%d[m[K, rpm_step %.2f",
[2.044s]       |                                                            [01;36m[K~^[m[K
[2.044s]       |                                                             [01;36m[K|[m[K
[2.044s]       |                                                             [01;36m[Kint[m[K
[2.044s]       |                                                            [32m[K%f[m[K
[3.230s] [100%] [32m[1mLinking CXX executable motor_control_node[0m
[3.389s] [100%] Built target motor_control_node
[3.402s] Invoked command in '/home/ubuntu/Desktop/ros2_service_ws/build/motor_control_pkg' returned '0': CMAKE_PREFIX_PATH=${CMAKE_PREFIX_PATH}:/opt/ros/humble /usr/bin/cmake --build /home/ubuntu/Desktop/ros2_service_ws/build/motor_control_pkg -- -j8 -l8
[3.412s] Invoking command in '/home/ubuntu/Desktop/ros2_service_ws/build/motor_control_pkg': CMAKE_PREFIX_PATH=${CMAKE_PREFIX_PATH}:/opt/ros/humble /usr/bin/cmake --install /home/ubuntu/Desktop/ros2_service_ws/build/motor_control_pkg
[3.418s] -- Install configuration: ""
[3.418s] -- Installing: /home/ubuntu/Desktop/ros2_service_ws/install/motor_control_pkg/lib/motor_control_pkg/motor_control_node
[3.419s] -- Set runtime path of "/home/ubuntu/Desktop/ros2_service_ws/install/motor_control_pkg/lib/motor_control_pkg/motor_control_node" to ""
[3.419s] -- Up-to-date: /home/ubuntu/Desktop/ros2_service_ws/install/motor_control_pkg/share/ament_index/resource_index/package_run_dependencies/motor_control_pkg
[3.419s] -- Up-to-date: /home/ubuntu/Desktop/ros2_service_ws/install/motor_control_pkg/share/ament_index/resource_index/parent_prefix_path/motor_control_pkg
[3.420s] -- Up-to-date: /home/ubuntu/Desktop/ros2_service_ws/install/motor_control_pkg/share/motor_control_pkg/environment/ament_prefix_path.sh
[3.420s] -- Up-to-date: /home/ubuntu/Desktop/ros2_service_ws/install/motor_control_pkg/share/motor_control_pkg/environment/ament_prefix_path.dsv
[3.420s] -- Up-to-date: /home/ubuntu/Desktop/ros2_service_ws/install/motor_control_pkg/share/motor_control_pkg/environment/path.sh
[3.420s] -- Up-to-date: /home/ubuntu/Desktop/ros2_service_ws/install/motor_control_pkg/share/motor_control_pkg/environment/path.dsv
[3.420s] -- Up-to-date: /home/ubuntu/Desktop/ros2_service_ws/install/motor_control_pkg/share/motor_control_pkg/local_setup.bash
[3.420s] -- Up-to-date: /home/ubuntu/Desktop/ros2_service_ws/install/motor_control_pkg/share/motor_control_pkg/local_setup.sh
[3.420s] -- Up-to-date: /home/ubuntu/Desktop/ros2_service_ws/install/motor_control_pkg/share/motor_control_pkg/local_setup.zsh
[3.420s] -- Up-to-date: /home/ubuntu/Desktop/ros2_service_ws/install/motor_control_pkg/share/motor_control_pkg/local_setup.dsv
[3.420s] -- Installing: /home/ubuntu/Desktop/ros2_service_ws/install/motor_control_pkg/share/motor_control_pkg/package.dsv
[3.420s] -- Up-to-date: /home/ubuntu/Desktop/ros2_service_ws/install/motor_control_pkg/share/ament_index/resource_index/packages/motor_control_pkg
[3.420s] -- Up-to-date: /home/ubuntu/Desktop/ros2_service_ws/install/motor_control_pkg/share/motor_control_pkg/cmake/motor_control_pkgConfig.cmake
[3.420s] -- Up-to-date: /home/ubuntu/Desktop/ros2_service_ws/install/motor_control_pkg/share/motor_control_pkg/cmake/motor_control_pkgConfig-version.cmake
[3.420s] -- Up-to-date: /home/ubuntu/Desktop/ros2_service_ws/install/motor_control_pkg/share/motor_control_pkg/package.xml
[3.423s] Invoked command in '/home/ubuntu/Desktop/ros2_service_ws/build/motor_control_pkg' returned '0': CMAKE_PREFIX_PATH=${CMAKE_PREFIX_PATH}:/opt/ros/humble /usr/bin/cmake --install /home/ubuntu/Desktop/ros2_service_ws/build/motor_control_pkg
